Using pre-set license
Built from '2020.3/staging' branch; Version is '2020.3.8f1 (507919d4fff5) revision 5273881'; Using compiler version '192528614'; Build Type 'Release'
OS: 'Windows 10 Home Single Language; OS build 19041.1052; Version 2004; 64bit' Language: 'en' Physical Memory: 16224 MB
BatchMode: 1, IsHumanControllingUs: 0, StartBugReporterOnCrash: 0, Is64bit: 1, IsPro: 0

 COMMAND LINE ARGUMENTS:
D:\ooniti\Unity Versions\Unity\2020.3.8f1\Editor\Unity.exe
-adb2
-batchMode
-noUpm
-name
AssetImportWorker1
-projectPath
D:/Gaem/GMTK2021
-logFile
Logs/AssetImportWorker1.log
-srvPort
50614
Successfully changed project path to: D:/Gaem/GMTK2021
D:/Gaem/GMTK2021
Using Asset Import Pipeline V2.
Refreshing native plugins compatible for Editor in 66.91 ms, found 1 plugins.
Preloading 0 native plugins for Editor in 0.00 ms.
Initialize engine version: 2020.3.8f1 (507919d4fff5)
[Subsystems] Discovering subsystems at path D:/ooniti/Unity Versions/Unity/2020.3.8f1/Editor/Data/Resources/UnitySubsystems
[Subsystems] Discovering subsystems at path D:/Gaem/GMTK2021/Assets
GfxDevice: creating device client; threaded=0
Direct3D:
    Version:  Direct3D 11.0 [level 11.1]
    Renderer: NVIDIA GeForce GTX 1050 Ti (ID=0x1c8c)
    Vendor:   
    VRAM:     4018 MB
    Driver:   27.21.14.6663
Shader 'Universal Render Pipeline/Particles/Lit': fallback shader 'Universal Render Pipeline/Particles/SimpleLit' not found
Initialize mono
Mono path[0] = 'D:/ooniti/Unity Versions/Unity/2020.3.8f1/Editor/Data/Managed'
Mono path[1] = 'D:/ooniti/Unity Versions/Unity/2020.3.8f1/Editor/Data/MonoBleedingEdge/lib/mono/unityjit'
Mono config path = 'D:/ooniti/Unity Versions/Unity/2020.3.8f1/Editor/Data/MonoBleedingEdge/etc'
Using monoOptions --debugger-agent=transport=dt_socket,embedding=1,server=y,suspend=n,address=127.0.0.1:56392
Begin MonoManager ReloadAssembly
Registering precompiled unity dll's ...
Register platform support module: D:/ooniti/Unity Versions/Unity/2020.3.8f1/Editor/Data/PlaybackEngines/WebGLSupport/UnityEditor.WebGL.Extensions.dll
Register platform support module: D:/ooniti/Unity Versions/Unity/2020.3.8f1/Editor/Data/PlaybackEngines/WindowsStandaloneSupport/UnityEditor.WindowsStandalone.Extensions.dll
Registered in 0.001684 seconds.
Native extension for WindowsStandalone target not found
Native extension for WebGL target not found
Refreshing native plugins compatible for Editor in 69.80 ms, found 1 plugins.
Preloading 0 native plugins for Editor in 0.00 ms.
Mono: successfully reloaded assembly
- Completed reload, in 10.211 seconds
Platform modules already initialized, skipping
Registering precompiled user dll's ...
Registered in 0.001582 seconds.
Begin MonoManager ReloadAssembly
Native extension for WindowsStandalone target not found
Native extension for WebGL target not found
Refreshing native plugins compatible for Editor in 61.12 ms, found 1 plugins.
Preloading 0 native plugins for Editor in 0.00 ms.
Mono: successfully reloaded assembly
- Completed reload, in  1.306 seconds
Platform modules already initialized, skipping
========================================================================
Worker process is ready to serve import requests
Shader 'Universal Render Pipeline/Particles/Lit': fallback shader 'Universal Render Pipeline/Particles/SimpleLit' not found
Launched and connected shader compiler UnityShaderCompiler.exe after 0.06 seconds
Refreshing native plugins compatible for Editor in 0.51 ms, found 1 plugins.
Preloading 0 native plugins for Editor in 0.00 ms.
Unloading 3376 Unused Serialized files (Serialized files now loaded: 0)
System memory in use before: 146.8 MB.
System memory in use after: 146.8 MB.

Unloading 28 unused Assets to reduce memory usage. Loaded Objects now: 3822.
Total: 2.687400 ms (FindLiveObjects: 0.280300 ms CreateObjectMapping: 0.122400 ms MarkObjects: 2.158200 ms  DeleteObjects: 0.125400 ms)

========================================================================
Received Prepare
Shader 'Universal Render Pipeline/Particles/Lit': fallback shader 'Universal Render Pipeline/Particles/SimpleLit' not found
Refreshing native plugins compatible for Editor in 1.98 ms, found 1 plugins.
Preloading 0 native plugins for Editor in 0.00 ms.
Unloading 11 Unused Serialized files (Serialized files now loaded: 0)
System memory in use before: 74.7 MB.
System memory in use after: 74.8 MB.

Unloading 11 unused Assets to reduce memory usage. Loaded Objects now: 3822.
Total: 2.675800 ms (FindLiveObjects: 0.287000 ms CreateObjectMapping: 0.160000 ms MarkObjects: 2.109700 ms  DeleteObjects: 0.118200 ms)

========================================================================
Received Prepare
Registering precompiled user dll's ...
Registered in 0.001552 seconds.
Begin MonoManager ReloadAssembly
Native extension for WindowsStandalone target not found
Native extension for WebGL target not found
Refreshing native plugins compatible for Editor in 0.57 ms, found 1 plugins.
Preloading 0 native plugins for Editor in 0.00 ms.
Mono: successfully reloaded assembly
- Completed reload, in  1.154 seconds
Platform modules already initialized, skipping
Shader 'Universal Render Pipeline/Particles/Lit': fallback shader 'Universal Render Pipeline/Particles/SimpleLit' not found
Refreshing native plugins compatible for Editor in 0.58 ms, found 1 plugins.
Preloading 0 native plugins for Editor in 0.00 ms.
Unloading 3301 Unused Serialized files (Serialized files now loaded: 0)
System memory in use before: 140.1 MB.
System memory in use after: 140.2 MB.

Unloading 14 unused Assets to reduce memory usage. Loaded Objects now: 3826.
Total: 2.906300 ms (FindLiveObjects: 0.283600 ms CreateObjectMapping: 0.136200 ms MarkObjects: 2.369200 ms  DeleteObjects: 0.116100 ms)

========================================================================
Received Prepare
Registering precompiled user dll's ...
Registered in 0.001628 seconds.
Begin MonoManager ReloadAssembly
Native extension for WindowsStandalone target not found
Native extension for WebGL target not found
Refreshing native plugins compatible for Editor in 0.57 ms, found 1 plugins.
Preloading 0 native plugins for Editor in 0.00 ms.
Mono: successfully reloaded assembly
- Completed reload, in  1.020 seconds
Platform modules already initialized, skipping
Shader 'Universal Render Pipeline/Particles/Lit': fallback shader 'Universal Render Pipeline/Particles/SimpleLit' not found
Refreshing native plugins compatible for Editor in 0.50 ms, found 1 plugins.
Preloading 0 native plugins for Editor in 0.00 ms.
Unloading 3301 Unused Serialized files (Serialized files now loaded: 0)
System memory in use before: 140.1 MB.
System memory in use after: 140.2 MB.

Unloading 14 unused Assets to reduce memory usage. Loaded Objects now: 3830.
Total: 2.962500 ms (FindLiveObjects: 0.260900 ms CreateObjectMapping: 0.139200 ms MarkObjects: 2.456400 ms  DeleteObjects: 0.104600 ms)

========================================================================
Received Prepare
Registering precompiled user dll's ...
Registered in 0.001884 seconds.
Begin MonoManager ReloadAssembly
Native extension for WindowsStandalone target not found
Native extension for WebGL target not found
Refreshing native plugins compatible for Editor in 0.55 ms, found 1 plugins.
Preloading 0 native plugins for Editor in 0.00 ms.
Mono: successfully reloaded assembly
- Completed reload, in  1.235 seconds
Platform modules already initialized, skipping
Shader 'Universal Render Pipeline/Particles/Lit': fallback shader 'Universal Render Pipeline/Particles/SimpleLit' not found
Refreshing native plugins compatible for Editor in 0.55 ms, found 1 plugins.
Preloading 0 native plugins for Editor in 0.00 ms.
Unloading 3301 Unused Serialized files (Serialized files now loaded: 0)
System memory in use before: 140.2 MB.
System memory in use after: 140.3 MB.

Unloading 14 unused Assets to reduce memory usage. Loaded Objects now: 3834.
Total: 3.900400 ms (FindLiveObjects: 0.421900 ms CreateObjectMapping: 0.197000 ms MarkObjects: 3.102300 ms  DeleteObjects: 0.178000 ms)

========================================================================
Received Prepare
Shader 'Universal Render Pipeline/Particles/Lit': fallback shader 'Universal Render Pipeline/Particles/SimpleLit' not found
Refreshing native plugins compatible for Editor in 2.07 ms, found 1 plugins.
Preloading 0 native plugins for Editor in 0.00 ms.
Unloading 11 Unused Serialized files (Serialized files now loaded: 0)
System memory in use before: 75.2 MB.
System memory in use after: 75.3 MB.

Unloading 11 unused Assets to reduce memory usage. Loaded Objects now: 3834.
Total: 2.635400 ms (FindLiveObjects: 0.272200 ms CreateObjectMapping: 0.142900 ms MarkObjects: 2.108500 ms  DeleteObjects: 0.110700 ms)

========================================================================
Received Import Request.
  path: Assets/TextMesh Pro/Sprites/EmojiOne.png
  artifactKey: Guid(dffef66376be4fa480fb02b19edbe903) Importer(815301076,1909f56bfc062723c751e8b465ee728b)
Start importing Assets/TextMesh Pro/Sprites/EmojiOne.png using Guid(dffef66376be4fa480fb02b19edbe903) Importer(815301076,1909f56bfc062723c751e8b465ee728b)  -> (artifact id: 'd78a27303d38c5bc73b55289faa0930d') in 0.328825 seconds
  Import took 0.353299 seconds .

========================================================================
Received Import Request.
  Time since last request: 0.000275 seconds.
  path: Assets/TextMesh Pro/Resources/Fonts & Materials/LiberationSans SDF - Fallback.asset
  artifactKey: Guid(2e498d1c8094910479dc3e1b768306a4) Importer(815301076,1909f56bfc062723c751e8b465ee728b)
Start importing Assets/TextMesh Pro/Resources/Fonts & Materials/LiberationSans SDF - Fallback.asset using Guid(2e498d1c8094910479dc3e1b768306a4) Importer(815301076,1909f56bfc062723c751e8b465ee728b)  -> (artifact id: 'b8c2210586957436df79bf961aeff06e') in 0.299127 seconds
  Import took 0.329231 seconds .

========================================================================
Received Import Request.
  Time since last request: 0.000288 seconds.
  path: Assets/TextMesh Pro/Resources/Fonts & Materials/LiberationSans SDF.asset
  artifactKey: Guid(8f586378b4e144a9851e7b34d9b748ee) Importer(815301076,1909f56bfc062723c751e8b465ee728b)
Start importing Assets/TextMesh Pro/Resources/Fonts & Materials/LiberationSans SDF.asset using Guid(8f586378b4e144a9851e7b34d9b748ee) Importer(815301076,1909f56bfc062723c751e8b465ee728b)  -> (artifact id: 'f1280cc7be10b532b2897fc8654f95d3') in 0.037228 seconds
  Import took 0.042043 seconds .

========================================================================
Received Prepare
Shader 'Universal Render Pipeline/Particles/Lit': fallback shader 'Universal Render Pipeline/Particles/SimpleLit' not found
Refreshing native plugins compatible for Editor in 1.87 ms, found 1 plugins.
Preloading 0 native plugins for Editor in 0.00 ms.
Unloading 11 Unused Serialized files (Serialized files now loaded: 0)
System memory in use before: 79.1 MB.
System memory in use after: 79.2 MB.

Unloading 11 unused Assets to reduce memory usage. Loaded Objects now: 3878.
Total: 3.106600 ms (FindLiveObjects: 0.266000 ms CreateObjectMapping: 0.155400 ms MarkObjects: 2.582300 ms  DeleteObjects: 0.102000 ms)

========================================================================
Received Prepare
Shader 'Universal Render Pipeline/Particles/Lit': fallback shader 'Universal Render Pipeline/Particles/SimpleLit' not found
Refreshing native plugins compatible for Editor in 1.94 ms, found 1 plugins.
Preloading 0 native plugins for Editor in 0.00 ms.
Unloading 11 Unused Serialized files (Serialized files now loaded: 0)
System memory in use before: 79.1 MB.
System memory in use after: 79.2 MB.

Unloading 11 unused Assets to reduce memory usage. Loaded Objects now: 3878.
Total: 3.104400 ms (FindLiveObjects: 0.272400 ms CreateObjectMapping: 0.148200 ms MarkObjects: 2.572600 ms  DeleteObjects: 0.110400 ms)

========================================================================
Received Import Request.
  Time since last request: 1048.041199 seconds.
  path: Assets/Scenes/Level 2.unity
  artifactKey: Guid(35a5aae8b573cbe4ca29dcf8173fe7a2) Importer(815301076,1909f56bfc062723c751e8b465ee728b)
Start importing Assets/Scenes/Level 2.unity using Guid(35a5aae8b573cbe4ca29dcf8173fe7a2) Importer(815301076,1909f56bfc062723c751e8b465ee728b)  -> (artifact id: '6e0e778e0e6f6f7d8484aa0891f5c839') in 0.013856 seconds
  Import took 0.062064 seconds .

========================================================================
Received Prepare
Registering precompiled user dll's ...
Registered in 0.001681 seconds.
Begin MonoManager ReloadAssembly
Native extension for WindowsStandalone target not found
Native extension for WebGL target not found
Refreshing native plugins compatible for Editor in 0.52 ms, found 1 plugins.
Preloading 0 native plugins for Editor in 0.00 ms.
Mono: successfully reloaded assembly
- Completed reload, in  1.053 seconds
Platform modules already initialized, skipping
Shader 'Universal Render Pipeline/Particles/Lit': fallback shader 'Universal Render Pipeline/Particles/SimpleLit' not found
Refreshing native plugins compatible for Editor in 0.59 ms, found 1 plugins.
Preloading 0 native plugins for Editor in 0.00 ms.
Unloading 3301 Unused Serialized files (Serialized files now loaded: 0)
System memory in use before: 143.4 MB.
System memory in use after: 143.5 MB.

Unloading 14 unused Assets to reduce memory usage. Loaded Objects now: 3882.
Total: 2.517200 ms (FindLiveObjects: 0.278900 ms CreateObjectMapping: 0.142400 ms MarkObjects: 1.988600 ms  DeleteObjects: 0.106100 ms)

========================================================================
Received Prepare
Registering precompiled user dll's ...
Registered in 0.001572 seconds.
Begin MonoManager ReloadAssembly
Native extension for WindowsStandalone target not found
Native extension for WebGL target not found
Refreshing native plugins compatible for Editor in 0.52 ms, found 1 plugins.
Preloading 0 native plugins for Editor in 0.00 ms.
Mono: successfully reloaded assembly
- Completed reload, in  1.089 seconds
Platform modules already initialized, skipping
Shader 'Universal Render Pipeline/Particles/Lit': fallback shader 'Universal Render Pipeline/Particles/SimpleLit' not found
Refreshing native plugins compatible for Editor in 0.50 ms, found 1 plugins.
Preloading 0 native plugins for Editor in 0.00 ms.
Unloading 3301 Unused Serialized files (Serialized files now loaded: 0)
System memory in use before: 143.5 MB.
System memory in use after: 143.5 MB.

Unloading 14 unused Assets to reduce memory usage. Loaded Objects now: 3886.
Total: 3.086100 ms (FindLiveObjects: 0.294000 ms CreateObjectMapping: 0.137300 ms MarkObjects: 2.532000 ms  DeleteObjects: 0.121400 ms)

========================================================================
Received Prepare
Registering precompiled user dll's ...
Registered in 0.001556 seconds.
Begin MonoManager ReloadAssembly
Native extension for WindowsStandalone target not found
Native extension for WebGL target not found
Refreshing native plugins compatible for Editor in 0.50 ms, found 1 plugins.
Preloading 0 native plugins for Editor in 0.00 ms.
Mono: successfully reloaded assembly
- Completed reload, in  1.095 seconds
Platform modules already initialized, skipping
Shader 'Universal Render Pipeline/Particles/Lit': fallback shader 'Universal Render Pipeline/Particles/SimpleLit' not found
Refreshing native plugins compatible for Editor in 0.69 ms, found 1 plugins.
Preloading 0 native plugins for Editor in 0.00 ms.
Unloading 3301 Unused Serialized files (Serialized files now loaded: 0)
System memory in use before: 143.5 MB.
System memory in use after: 143.6 MB.

Unloading 14 unused Assets to reduce memory usage. Loaded Objects now: 3890.
Total: 3.027600 ms (FindLiveObjects: 0.304600 ms CreateObjectMapping: 0.133700 ms MarkObjects: 2.472300 ms  DeleteObjects: 0.116000 ms)

========================================================================
Received Prepare
Registering precompiled user dll's ...
Registered in 0.001600 seconds.
Begin MonoManager ReloadAssembly
Native extension for WindowsStandalone target not found
Native extension for WebGL target not found
Refreshing native plugins compatible for Editor in 0.54 ms, found 1 plugins.
Preloading 0 native plugins for Editor in 0.00 ms.
Mono: successfully reloaded assembly
- Completed reload, in  1.093 seconds
Platform modules already initialized, skipping
Shader 'Universal Render Pipeline/Particles/Lit': fallback shader 'Universal Render Pipeline/Particles/SimpleLit' not found
Refreshing native plugins compatible for Editor in 0.57 ms, found 1 plugins.
Preloading 0 native plugins for Editor in 0.00 ms.
Unloading 3301 Unused Serialized files (Serialized files now loaded: 0)
System memory in use before: 143.5 MB.
System memory in use after: 143.6 MB.

Unloading 14 unused Assets to reduce memory usage. Loaded Objects now: 3894.
Total: 3.090700 ms (FindLiveObjects: 0.315500 ms CreateObjectMapping: 0.153400 ms MarkObjects: 2.499600 ms  DeleteObjects: 0.121000 ms)

========================================================================
Received Prepare
Registering precompiled user dll's ...
Registered in 0.001790 seconds.
Begin MonoManager ReloadAssembly
Native extension for WindowsStandalone target not found
Native extension for WebGL target not found
Refreshing native plugins compatible for Editor in 0.67 ms, found 1 plugins.
Preloading 0 native plugins for Editor in 0.00 ms.
Mono: successfully reloaded assembly
- Completed reload, in  1.253 seconds
Platform modules already initialized, skipping
Shader 'Universal Render Pipeline/Particles/Lit': fallback shader 'Universal Render Pipeline/Particles/SimpleLit' not found
Refreshing native plugins compatible for Editor in 0.64 ms, found 1 plugins.
Preloading 0 native plugins for Editor in 0.00 ms.
Unloading 3301 Unused Serialized files (Serialized files now loaded: 0)
System memory in use before: 143.5 MB.
System memory in use after: 143.6 MB.

Unloading 14 unused Assets to reduce memory usage. Loaded Objects now: 3898.
Total: 3.337000 ms (FindLiveObjects: 0.357100 ms CreateObjectMapping: 0.165500 ms MarkObjects: 2.663100 ms  DeleteObjects: 0.149700 ms)

========================================================================
Received Prepare
Registering precompiled user dll's ...
Registered in 0.001553 seconds.
Begin MonoManager ReloadAssembly
Native extension for WindowsStandalone target not found
Native extension for WebGL target not found
Refreshing native plugins compatible for Editor in 1.41 ms, found 1 plugins.
Preloading 0 native plugins for Editor in 0.00 ms.
Mono: successfully reloaded assembly
- Completed reload, in  1.132 seconds
Platform modules already initialized, skipping
Shader 'Universal Render Pipeline/Particles/Lit': fallback shader 'Universal Render Pipeline/Particles/SimpleLit' not found
Refreshing native plugins compatible for Editor in 0.53 ms, found 1 plugins.
Preloading 0 native plugins for Editor in 0.00 ms.
Unloading 3301 Unused Serialized files (Serialized files now loaded: 0)
System memory in use before: 143.5 MB.
System memory in use after: 143.6 MB.

Unloading 14 unused Assets to reduce memory usage. Loaded Objects now: 3902.
Total: 2.672600 ms (FindLiveObjects: 0.268700 ms CreateObjectMapping: 0.136900 ms MarkObjects: 2.155200 ms  DeleteObjects: 0.110900 ms)

========================================================================
Received Prepare
Registering precompiled user dll's ...
Registered in 0.001615 seconds.
Begin MonoManager ReloadAssembly
Native extension for WindowsStandalone target not found
Native extension for WebGL target not found
Refreshing native plugins compatible for Editor in 0.51 ms, found 1 plugins.
Preloading 0 native plugins for Editor in 0.00 ms.
Mono: successfully reloaded assembly
- Completed reload, in  1.026 seconds
Platform modules already initialized, skipping
Shader 'Universal Render Pipeline/Particles/Lit': fallback shader 'Universal Render Pipeline/Particles/SimpleLit' not found
Refreshing native plugins compatible for Editor in 0.56 ms, found 1 plugins.
Preloading 0 native plugins for Editor in 0.00 ms.
Unloading 3301 Unused Serialized files (Serialized files now loaded: 0)
System memory in use before: 143.5 MB.
System memory in use after: 143.6 MB.

Unloading 14 unused Assets to reduce memory usage. Loaded Objects now: 3906.
Total: 2.746200 ms (FindLiveObjects: 0.277500 ms CreateObjectMapping: 0.148100 ms MarkObjects: 2.211800 ms  DeleteObjects: 0.107700 ms)

========================================================================
Received Prepare
Registering precompiled user dll's ...
Registered in 0.001530 seconds.
Begin MonoManager ReloadAssembly
Native extension for WindowsStandalone target not found
Native extension for WebGL target not found
Refreshing native plugins compatible for Editor in 0.57 ms, found 1 plugins.
Preloading 0 native plugins for Editor in 0.00 ms.
Mono: successfully reloaded assembly
- Completed reload, in  1.166 seconds
Platform modules already initialized, skipping
Shader 'Universal Render Pipeline/Particles/Lit': fallback shader 'Universal Render Pipeline/Particles/SimpleLit' not found
Refreshing native plugins compatible for Editor in 0.54 ms, found 1 plugins.
Preloading 0 native plugins for Editor in 0.00 ms.
Unloading 3301 Unused Serialized files (Serialized files now loaded: 0)
System memory in use before: 143.5 MB.
System memory in use after: 143.6 MB.

Unloading 14 unused Assets to reduce memory usage. Loaded Objects now: 3910.
Total: 2.995400 ms (FindLiveObjects: 0.299300 ms CreateObjectMapping: 0.126500 ms MarkObjects: 2.458700 ms  DeleteObjects: 0.110100 ms)

========================================================================
Received Prepare
Registering precompiled user dll's ...
Registered in 0.001592 seconds.
Begin MonoManager ReloadAssembly
Native extension for WindowsStandalone target not found
Native extension for WebGL target not found
Refreshing native plugins compatible for Editor in 0.51 ms, found 1 plugins.
Preloading 0 native plugins for Editor in 0.00 ms.
Mono: successfully reloaded assembly
- Completed reload, in  1.016 seconds
Platform modules already initialized, skipping
Shader 'Universal Render Pipeline/Particles/Lit': fallback shader 'Universal Render Pipeline/Particles/SimpleLit' not found
Refreshing native plugins compatible for Editor in 0.53 ms, found 1 plugins.
Preloading 0 native plugins for Editor in 0.00 ms.
Unloading 3301 Unused Serialized files (Serialized files now loaded: 0)
System memory in use before: 143.5 MB.
System memory in use after: 143.6 MB.

Unloading 14 unused Assets to reduce memory usage. Loaded Objects now: 3914.
Total: 2.722400 ms (FindLiveObjects: 0.282400 ms CreateObjectMapping: 0.110800 ms MarkObjects: 2.217600 ms  DeleteObjects: 0.110500 ms)

========================================================================
Received Prepare
Shader 'Universal Render Pipeline/Particles/Lit': fallback shader 'Universal Render Pipeline/Particles/SimpleLit' not found
Refreshing native plugins compatible for Editor in 1.95 ms, found 1 plugins.
Preloading 0 native plugins for Editor in 0.00 ms.
Unloading 11 Unused Serialized files (Serialized files now loaded: 0)
System memory in use before: 78.5 MB.
System memory in use after: 78.6 MB.

Unloading 11 unused Assets to reduce memory usage. Loaded Objects now: 3914.
Total: 3.769000 ms (FindLiveObjects: 0.289100 ms CreateObjectMapping: 0.133900 ms MarkObjects: 3.146300 ms  DeleteObjects: 0.197400 ms)

========================================================================
Received Prepare
Registering precompiled user dll's ...
Registered in 0.001547 seconds.
Begin MonoManager ReloadAssembly
Native extension for WindowsStandalone target not found
Native extension for WebGL target not found
Refreshing native plugins compatible for Editor in 0.64 ms, found 1 plugins.
Preloading 0 native plugins for Editor in 0.00 ms.
Mono: successfully reloaded assembly
- Completed reload, in  1.046 seconds
Platform modules already initialized, skipping
Shader 'Universal Render Pipeline/Particles/Lit': fallback shader 'Universal Render Pipeline/Particles/SimpleLit' not found
Refreshing native plugins compatible for Editor in 0.53 ms, found 1 plugins.
Preloading 0 native plugins for Editor in 0.00 ms.
Unloading 3301 Unused Serialized files (Serialized files now loaded: 0)
System memory in use before: 143.5 MB.
System memory in use after: 143.6 MB.

Unloading 14 unused Assets to reduce memory usage. Loaded Objects now: 3918.
Total: 2.630200 ms (FindLiveObjects: 0.275400 ms CreateObjectMapping: 0.146700 ms MarkObjects: 2.088100 ms  DeleteObjects: 0.118700 ms)

========================================================================
Received Import Request.
  Time since last request: 2497.062696 seconds.
  path: Assets/Scenes/Level 3.unity
  artifactKey: Guid(25c06ece76054a947932ff6c910e22d9) Importer(815301076,1909f56bfc062723c751e8b465ee728b)
Start importing Assets/Scenes/Level 3.unity using Guid(25c06ece76054a947932ff6c910e22d9) Importer(815301076,1909f56bfc062723c751e8b465ee728b)  -> (artifact id: '6fa2ce75a5d07d81c0adbdd6a7381b41') in 0.128223 seconds
  Import took 0.433187 seconds .

========================================================================
Received Prepare
Registering precompiled user dll's ...
Registered in 0.002106 seconds.
Begin MonoManager ReloadAssembly
Native extension for WindowsStandalone target not found
Native extension for WebGL target not found
Refreshing native plugins compatible for Editor in 0.51 ms, found 1 plugins.
Preloading 0 native plugins for Editor in 0.00 ms.
Mono: successfully reloaded assembly
- Completed reload, in  1.034 seconds
Platform modules already initialized, skipping
Shader 'Universal Render Pipeline/Particles/Lit': fallback shader 'Universal Render Pipeline/Particles/SimpleLit' not found
Refreshing native plugins compatible for Editor in 0.53 ms, found 1 plugins.
Preloading 0 native plugins for Editor in 0.00 ms.
Unloading 3301 Unused Serialized files (Serialized files now loaded: 0)
System memory in use before: 143.6 MB.
System memory in use after: 143.7 MB.

Unloading 14 unused Assets to reduce memory usage. Loaded Objects now: 3922.
Total: 2.588500 ms (FindLiveObjects: 0.290100 ms CreateObjectMapping: 0.145300 ms MarkObjects: 2.043700 ms  DeleteObjects: 0.108500 ms)

========================================================================
Received Prepare
Registering precompiled user dll's ...
Registered in 0.001548 seconds.
Begin MonoManager ReloadAssembly
Native extension for WindowsStandalone target not found
Native extension for WebGL target not found
Refreshing native plugins compatible for Editor in 0.51 ms, found 1 plugins.
Preloading 0 native plugins for Editor in 0.00 ms.
Mono: successfully reloaded assembly
- Completed reload, in  1.023 seconds
Platform modules already initialized, skipping
Shader 'Universal Render Pipeline/Particles/Lit': fallback shader 'Universal Render Pipeline/Particles/SimpleLit' not found
Refreshing native plugins compatible for Editor in 0.65 ms, found 1 plugins.
Preloading 0 native plugins for Editor in 0.00 ms.
Unloading 3301 Unused Serialized files (Serialized files now loaded: 0)
System memory in use before: 143.6 MB.
System memory in use after: 143.7 MB.

Unloading 14 unused Assets to reduce memory usage. Loaded Objects now: 3926.
Total: 3.146500 ms (FindLiveObjects: 0.329000 ms CreateObjectMapping: 0.161700 ms MarkObjects: 2.533300 ms  DeleteObjects: 0.121400 ms)

========================================================================
Received Import Request.
  Time since last request: 1148.685840 seconds.
  path: Assets/Scenes/Level 2.unity
  artifactKey: Guid(35a5aae8b573cbe4ca29dcf8173fe7a2) Importer(815301076,1909f56bfc062723c751e8b465ee728b)
Start importing Assets/Scenes/Level 2.unity using Guid(35a5aae8b573cbe4ca29dcf8173fe7a2) Importer(815301076,1909f56bfc062723c751e8b465ee728b)  -> (artifact id: 'c22137679565f82f1a08b43ae184f3ea') in 0.028812 seconds
  Import took 0.048622 seconds .

========================================================================
Received Prepare
Registering precompiled user dll's ...
Registered in 0.001847 seconds.
Begin MonoManager ReloadAssembly
Native extension for WindowsStandalone target not found
Native extension for WebGL target not found
Refreshing native plugins compatible for Editor in 0.51 ms, found 1 plugins.
Preloading 0 native plugins for Editor in 0.00 ms.
Mono: successfully reloaded assembly
- Completed reload, in  1.124 seconds
Platform modules already initialized, skipping
Shader 'Universal Render Pipeline/Particles/Lit': fallback shader 'Universal Render Pipeline/Particles/SimpleLit' not found
Refreshing native plugins compatible for Editor in 1.04 ms, found 1 plugins.
Preloading 0 native plugins for Editor in 0.00 ms.
Unloading 3301 Unused Serialized files (Serialized files now loaded: 0)
System memory in use before: 143.6 MB.
System memory in use after: 143.7 MB.

Unloading 14 unused Assets to reduce memory usage. Loaded Objects now: 3930.
Total: 3.161300 ms (FindLiveObjects: 0.687000 ms CreateObjectMapping: 0.152100 ms MarkObjects: 2.154900 ms  DeleteObjects: 0.164200 ms)

========================================================================
Received Prepare
Registering precompiled user dll's ...
Registered in 0.001572 seconds.
Begin MonoManager ReloadAssembly
Native extension for WindowsStandalone target not found
Native extension for WebGL target not found
Refreshing native plugins compatible for Editor in 1.30 ms, found 1 plugins.
Preloading 0 native plugins for Editor in 0.00 ms.
Mono: successfully reloaded assembly
- Completed reload, in  1.041 seconds
Platform modules already initialized, skipping
Shader 'Universal Render Pipeline/Particles/Lit': fallback shader 'Universal Render Pipeline/Particles/SimpleLit' not found
Refreshing native plugins compatible for Editor in 0.50 ms, found 1 plugins.
Preloading 0 native plugins for Editor in 0.00 ms.
Unloading 3301 Unused Serialized files (Serialized files now loaded: 0)
System memory in use before: 143.6 MB.
System memory in use after: 143.7 MB.

Unloading 14 unused Assets to reduce memory usage. Loaded Objects now: 3934.
Total: 2.818500 ms (FindLiveObjects: 0.290300 ms CreateObjectMapping: 0.130300 ms MarkObjects: 2.276400 ms  DeleteObjects: 0.120600 ms)

========================================================================
Received Import Request.
  Time since last request: 1202.393281 seconds.
  path: Assets/AS_Music_For_Puzzle_Games_FREE
  artifactKey: Guid(ac22abc24dc63864c9d7ed67cf426359) Importer(815301076,1909f56bfc062723c751e8b465ee728b)
Start importing Assets/AS_Music_For_Puzzle_Games_FREE using Guid(ac22abc24dc63864c9d7ed67cf426359) Importer(815301076,1909f56bfc062723c751e8b465ee728b)  -> (artifact id: 'eac4c41cb85e96e0a52496b8168766da') in 0.011232 seconds
  Import took 0.038488 seconds .

========================================================================
Received Import Request.
  Time since last request: 0.138966 seconds.
  path: Assets/AS_Music_For_Puzzle_Games_FREE/Adventure Puzzle Medieval.wav
  artifactKey: Guid(079b16d65b3b04fe8aee9e756c46e985) Importer(815301076,1909f56bfc062723c751e8b465ee728b)
Start importing Assets/AS_Music_For_Puzzle_Games_FREE/Adventure Puzzle Medieval.wav using Guid(079b16d65b3b04fe8aee9e756c46e985) Importer(815301076,1909f56bfc062723c751e8b465ee728b)  -> (artifact id: 'f1cc85773cd9f7eb207e28efdfb07dd1') in 0.139386 seconds
  Import took 0.159090 seconds .

========================================================================
Received Import Request.
  Time since last request: 0.000278 seconds.
  path: Assets/AS_Music_For_Puzzle_Games_FREE/Impossible Puzzle Electronic.wav
  artifactKey: Guid(d8b719ef1c3254c97b2c5b785c2d5fd3) Importer(815301076,1909f56bfc062723c751e8b465ee728b)
Start importing Assets/AS_Music_For_Puzzle_Games_FREE/Impossible Puzzle Electronic.wav using Guid(d8b719ef1c3254c97b2c5b785c2d5fd3) Importer(815301076,1909f56bfc062723c751e8b465ee728b)  -> (artifact id: '70888f74afe18965b50618babfcdab90') in 0.011043 seconds
  Import took 0.050835 seconds .

========================================================================
Received Import Request.
  Time since last request: 0.003623 seconds.
  path: Assets/AS_Music_For_Puzzle_Games_FREE/Impossible Puzzle Electronic.wav
  artifactKey: Guid(d8b719ef1c3254c97b2c5b785c2d5fd3) Importer(815301076,1909f56bfc062723c751e8b465ee728b)
Start importing Assets/AS_Music_For_Puzzle_Games_FREE/Impossible Puzzle Electronic.wav using Guid(d8b719ef1c3254c97b2c5b785c2d5fd3) Importer(815301076,1909f56bfc062723c751e8b465ee728b)  -> (artifact id: '70888f74afe18965b50618babfcdab90') in 0.010089 seconds
  Import took 0.036750 seconds .

========================================================================
Received Import Request.
  Time since last request: 2351.216562 seconds.
  path: Assets/Audio/Impossible Puzzle Electronic.wav
  artifactKey: Guid(5a5e298908393dc42a59900b650b9faf) Importer(815301076,1909f56bfc062723c751e8b465ee728b)
Start importing Assets/Audio/Impossible Puzzle Electronic.wav using Guid(5a5e298908393dc42a59900b650b9faf) Importer(815301076,1909f56bfc062723c751e8b465ee728b)  -> (artifact id: 'a06892f6709c4a1a9f070038272eddd5') in 0.049055 seconds
  Import took 0.115842 seconds .

========================================================================
Received Import Request.
  Time since last request: 0.000318 seconds.
  path: Assets/Audio/MainMixer.mixer
  artifactKey: Guid(23d991fdbb7f37542ae9254fbe8e9315) Importer(815301076,1909f56bfc062723c751e8b465ee728b)
Start importing Assets/Audio/MainMixer.mixer using Guid(23d991fdbb7f37542ae9254fbe8e9315) Importer(815301076,1909f56bfc062723c751e8b465ee728b)  -> (artifact id: 'c818b8e16ed0ebf737b179e63c047c08') in 0.023497 seconds
  Import took 0.048464 seconds .

========================================================================
Received Import Request.
  Time since last request: 11.093737 seconds.
  path: Assets/Audio/zapsplat_multimedia_notification_pop_message_tooltip_small_click_001_63071.mp3
  artifactKey: Guid(328b7467cf1203d46b006208068f4f25) Importer(815301076,1909f56bfc062723c751e8b465ee728b)
Start importing Assets/Audio/zapsplat_multimedia_notification_pop_message_tooltip_small_click_001_63071.mp3 using Guid(328b7467cf1203d46b006208068f4f25) Importer(815301076,1909f56bfc062723c751e8b465ee728b)  -> (artifact id: '9fcc57595eb9df2d1c75808c4132dcf0') in 0.017659 seconds
  Import took 0.042297 seconds .

========================================================================
Received Import Request.
  Time since last request: 0.000330 seconds.
  path: Assets/Audio/zapsplat_multimedia_notification_ui_pop_click_short_008_60942.mp3
  artifactKey: Guid(d3ce2e27d1e98fc46bcf7a648b95abd0) Importer(815301076,1909f56bfc062723c751e8b465ee728b)
Start importing Assets/Audio/zapsplat_multimedia_notification_ui_pop_click_short_008_60942.mp3 using Guid(d3ce2e27d1e98fc46bcf7a648b95abd0) Importer(815301076,1909f56bfc062723c751e8b465ee728b)  -> (artifact id: '6b53f3eb5b54fa5cacd6568843ca2a56') in 0.012114 seconds
  Import took 0.029123 seconds .

========================================================================
Received Import Request.
  Time since last request: 0.000187 seconds.
  path: Assets/Audio/zapsplat_multimedia_notification_pop_message_tooltip_small_click_002_63072.mp3
  artifactKey: Guid(40f7ea1fba6c77645a41ac5bc84b4a6f) Importer(815301076,1909f56bfc062723c751e8b465ee728b)
Start importing Assets/Audio/zapsplat_multimedia_notification_pop_message_tooltip_small_click_002_63072.mp3 using Guid(40f7ea1fba6c77645a41ac5bc84b4a6f) Importer(815301076,1909f56bfc062723c751e8b465ee728b)  -> (artifact id: '75e19bba5a4a79d2bb2d10f647b93390') in 0.015589 seconds
  Import took 0.023237 seconds .

========================================================================
Received Import Request.
  Time since last request: 1082.783130 seconds.
  path: Assets/AS_Music_For_Puzzle_Games_FREE/Impossible Puzzle Electronic.wav.reapeaks
  artifactKey: Guid(3aee03280a934354e9d73a555363c304) Importer(815301076,1909f56bfc062723c751e8b465ee728b)
Start importing Assets/AS_Music_For_Puzzle_Games_FREE/Impossible Puzzle Electronic.wav.reapeaks using Guid(3aee03280a934354e9d73a555363c304) Importer(815301076,1909f56bfc062723c751e8b465ee728b)  -> (artifact id: '9e882f09653632c0362bd4b09958f45d') in 0.010000 seconds
  Import took 0.326810 seconds .

========================================================================
Received Import Request.
  Time since last request: 2.451043 seconds.
  path: Assets/AS_Music_For_Puzzle_Games_FREE/_ReadMe.pdf
  artifactKey: Guid(b6fe352f56de44ebda42fdd8a6ced8e3) Importer(815301076,1909f56bfc062723c751e8b465ee728b)
Start importing Assets/AS_Music_For_Puzzle_Games_FREE/_ReadMe.pdf using Guid(b6fe352f56de44ebda42fdd8a6ced8e3) Importer(815301076,1909f56bfc062723c751e8b465ee728b)  -> (artifact id: 'b16cbb5dd23918e9435fbb5da60ef411') in 0.009067 seconds
  Import took 0.052148 seconds .

========================================================================
Received Import Request.
  Time since last request: 436.402308 seconds.
  path: Assets/Audio/MainMenu.wav
  artifactKey: Guid(fcd58fdf11f0f934fab3ec45398e4e7b) Importer(815301076,1909f56bfc062723c751e8b465ee728b)
Start importing Assets/Audio/MainMenu.wav using Guid(fcd58fdf11f0f934fab3ec45398e4e7b) Importer(815301076,1909f56bfc062723c751e8b465ee728b)  -> (artifact id: 'ef482d245087f7a5cefd24bcfcc3fde7') in 0.022481 seconds
  Import took 0.036504 seconds .

========================================================================
Received Import Request.
  Time since last request: 13.579346 seconds.
  path: Assets/Audio/Game.wav
  artifactKey: Guid(5a5e298908393dc42a59900b650b9faf) Importer(815301076,1909f56bfc062723c751e8b465ee728b)
Start importing Assets/Audio/Game.wav using Guid(5a5e298908393dc42a59900b650b9faf) Importer(815301076,1909f56bfc062723c751e8b465ee728b)  -> (artifact id: 'dcd7af1777545f9b6305a717d54447ad') in 0.016981 seconds
  Import took 0.046642 seconds .

AssetImportWorkerClient::OnTransportError - code=2 error=End of file
